<?xml version="1.0" encoding="utf-8"?><testsuites name="pytest tests"><testsuite name="pytest" errors="0" failures="0" skipped="0" tests="100" time="126.495" timestamp="2025-10-01T21:45:54.166483+00:00" hostname="runnervm3ublj"><testcase classname="test.test_circuits" name="test_unitary_simulation" time="4.071" /><testcase classname="test.test_circuits" name="test_hamiltonian_simulation" time="4.044" /><testcase classname="test.test_codes.TestBosonicQubit" name="test_bosonic_qubit_initialization" time="0.001" /><testcase classname="test.test_codes.TestBosonicQubit" name="test_bosonic_qubit_name_property" time="0.310" /><testcase classname="test.test_codes.TestBosonicQubit" name="test_bosonic_qubit_params_validation" time="0.007" /><testcase classname="test.test_codes.TestBosonicQubit" name="test_bosonic_qubit_common_gates" time="0.007" /><testcase classname="test.test_codes.TestBosonicQubit" name="test_bosonic_qubit_basis_states" time="0.006" /><testcase classname="test.test_codes.TestBosonicQubit" name="test_bosonic_qubit_pauli_gates" time="0.039" /><testcase classname="test.test_codes.TestBosonicQubit" name="test_bosonic_qubit_projector" time="0.117" /><testcase classname="test.test_codes.TestBosonicQubit" name="test_bosonic_qubit_maximally_mixed_state" time="0.116" /><testcase classname="test.test_codes.TestBosonicQubit" name="test_bosonic_qubit_jqt2qt" time="0.007" /><testcase classname="test.test_codes.TestBosonicQubit" name="test_bosonic_qubit_hamiltonian_properties" time="0.006" /><testcase classname="test.test_codes.TestBosonicQubit" name="test_bosonic_qubit_gen_pauli_u_gate_path" time="0.028" /><testcase classname="test.test_codes.TestBosonicQubit" name="test_bosonic_qubit_hadamard_gate" time="0.064" /><testcase classname="test.test_codes.TestBosonicQubit" name="test_bosonic_qubit_prepare_state_plot" time="0.007" /><testcase classname="test.test_codes.TestBosonicQubit" name="test_bosonic_qubit_plot_single" time="1.603" /><testcase classname="test.test_codes.TestBosonicQubit" name="test_bosonic_qubit_plot_code_states" time="3.491" /><testcase classname="test.test_codes.TestBosonicQubit" name="test_bosonic_qubit_plot_code_states_qfunc" time="0.007" /><testcase classname="test.test_codes.TestBosonicQubit" name="test_bosonic_qubit_plot_methods" time="0.667" /><testcase classname="test.test_codes.TestBosonicQubit" name="test_bosonic_qubit_error_handling" time="0.056" /><testcase classname="test.test_codes.TestBosonicQubit" name="test_bosonic_qubit_gen_pauli_u_hamiltonian_path" time="0.376" /><testcase classname="test.test_codes.TestBosonicQubit" name="test_bosonic_qubit_plot_with_custom_axes" time="0.319" /><testcase classname="test.test_codes.TestBosonicQubit" name="test_bosonic_qubit_plot_single_with_custom_axes" time="0.378" /><testcase classname="test.test_codes.TestBosonicQubit" name="test_bosonic_qubit_plot_code_states_with_custom_axes" time="3.690" /><testcase classname="test.test_codes.TestBosonicQubit" name="test_bosonic_qubit_error_handling_edge_cases" time="0.008" /><testcase classname="test.test_codes.TestBosonicQubit" name="test_bosonic_qubit_initialization_assertion_coverage" time="0.007" /><testcase classname="test.test_codes.TestQubit" name="test_qubit_initialization" time="0.006" /><testcase classname="test.test_codes.TestQubit" name="test_qubit_basis_states" time="0.086" /><testcase classname="test.test_codes.TestQubit" name="test_qubit_pauli_gates" time="0.008" /><testcase classname="test.test_codes.TestQubit" name="test_qubit_orthogonality" time="0.046" /><testcase classname="test.test_codes.TestQubit" name="test_qubit_plot_method" time="0.299" /><testcase classname="test.test_codes.TestBosonicMode" name="test_bosonic_mode_initialization" time="0.839" /><testcase classname="test.test_codes.TestBosonicMode" name="test_bosonic_mode_basis_states" time="0.028" /><testcase classname="test.test_codes.TestCatQubit" name="test_cat_qubit_initialization" time="1.748" /><testcase classname="test.test_codes.TestCatQubit" name="test_cat_qubit_custom_params" time="0.210" /><testcase classname="test.test_codes.TestCatQubit" name="test_cat_qubit_basis_states" time="0.066" /><testcase classname="test.test_codes.TestCatQubit" name="test_cat_qubit_non_device_params" time="0.031" /><testcase classname="test.test_codes.TestBinomialQubit" name="test_binomial_qubit_initialization" time="1.519" /><testcase classname="test.test_codes.TestBinomialQubit" name="test_binomial_qubit_custom_params" time="1.363" /><testcase classname="test.test_codes.TestBinomialQubit" name="test_binomial_qubit_basis_states" time="0.770" /><testcase classname="test.test_codes.TestBinomialQubit" name="test_binomial_qubit_parameter_combinations" time="1.555" /><testcase classname="test.test_codes.TestGKPQubit" name="test_gkp_qubit_initialization" time="0.416" /><testcase classname="test.test_codes.TestGKPQubit" name="test_gkp_qubit_custom_params" time="0.924" /><testcase classname="test.test_codes.TestGKPQubit" name="test_gkp_qubit_common_gates" time="0.800" /><testcase classname="test.test_codes.TestGKPQubit" name="test_gkp_qubit_basis_states" time="0.071" /><testcase classname="test.test_codes.TestGKPQubit" name="test_gkp_qubit_parameter_validation" time="0.099" /><testcase classname="test.test_codes.TestHexagonalGKPQubit" name="test_hexagonal_gkp_qubit_initialization" time="0.092" /><testcase classname="test.test_codes.TestHexagonalGKPQubit" name="test_hexagonal_gkp_qubit_basis_states" time="0.050" /><testcase classname="test.test_codes.TestSquareGKPQubit" name="test_square_gkp_qubit_initialization" time="0.047" /><testcase classname="test.test_codes.TestSquareGKPQubit" name="test_square_gkp_qubit_basis_states" time="0.047" /><testcase classname="test.test_codes.TestRectangularGKPQubit" name="test_rectangular_gkp_qubit_initialization" time="0.046" /><testcase classname="test.test_codes.TestRectangularGKPQubit" name="test_rectangular_gkp_qubit_custom_params" time="0.042" /><testcase classname="test.test_codes.TestRectangularGKPQubit" name="test_rectangular_gkp_qubit_basis_states" time="0.047" /><testcase classname="test.test_codes.TestCodesIntegration" name="test_all_code_types_initialization" time="0.281" /><testcase classname="test.test_codes.TestCodesIntegration" name="test_code_state_orthogonality" time="0.226" /><testcase classname="test.test_codes.TestCodesIntegration" name="test_code_gate_consistency" time="0.110" /><testcase classname="test.test_codes.TestCodesIntegration" name="test_code_parameter_validation" time="0.128" /><testcase classname="test.test_core_misc" name="test_conversions" time="2.068" /><testcase classname="test.test_core_misc" name="test_overlap" time="1.381" /><testcase classname="test.test_core_misc" name="test_device" time="0.001" /><testcase classname="test.test_core_misc" name="test_comb" time="0.186" /><testcase classname="test.test_core_misc" name="test_iso_transforms" time="0.941" /><testcase classname="test.test_core_misc" name="test_misc_operators" time="1.992" /><testcase classname="test.test_core_solvers" name="test_sesolve" time="2.999" /><testcase classname="test.test_core_solvers" name="test_sesolve_batch" time="2.989" /><testcase classname="test.test_core_solvers" name="test_sesolve_edge_cases" time="1.138" /><testcase classname="test.test_core_solvers" name="test_mesolve_batch" time="5.721" /><testcase classname="test.test_core_solvers" name="test_mesolve" time="2.702" /><testcase classname="test.test_core_solvers" name="test_mesolve_edge_cases" time="2.439" /><testcase classname="test.test_measurement" name="test_reconstruct_density_matrix" time="1.389" /><testcase classname="test.test_measurement" name="test_parametrize_density_matrix" time="0.332" /><testcase classname="test.test_measurement" name="test_L1_reg" time="0.055" /><testcase classname="test.test_measurement" name="test_overlap" time="0.049" /><testcase classname="test.test_measurement" name="test_fidelity" time="0.373" /><testcase classname="test.test_measurement" name="test_quantum_state_tomography_direct" time="0.422" /><testcase classname="test.test_measurement" name="test_quantum_state_tomography_mle" time="0.910" /><testcase classname="test.test_measurement" name="test_tensor_basis" time="0.669" /><testcase classname="test.test_qarray" name="test_version" time="0.001" /><testcase classname="test.test_qarray" name="test_qarray_creation" time="2.221" /><testcase classname="test.test_qarray" name="test_qarray_properties" time="1.248" /><testcase classname="test.test_qarray" name="test_qarray_basic_math_add" time="2.213" /><testcase classname="test.test_qarray" name="test_qarray_basic_math_sub" time="0.505" /><testcase classname="test.test_qarray" name="test_qarray_basic_math_mul" time="0.448" /><testcase classname="test.test_qarray" name="test_qarray_basic_math_matmul" time="0.018" /><testcase classname="test.test_qarray" name="test_qarray_basic_math_tensor" time="2.344" /><testcase classname="test.test_qarray" name="test_qarray_basic_math_pow" time="0.043" /><testcase classname="test.test_qarray" name="test_eigh" time="0.647" /><testcase classname="test.test_qarray" name="test_dims" time="0.005" /><testcase classname="test.test_qarray" name="test_qtype" time="0.054" /><testcase classname="test.test_qp_distributions" name="test_wigner_coherent_state" time="1.432" /><testcase classname="test.test_qp_distributions" name="test_husimi_coherent_state" time="0.545" /><testcase classname="test.test_qp_distributions" name="test_wigner_density_matrix" time="0.276" /><testcase classname="test.test_qp_distributions" name="test_wigner_mixed_state" time="0.282" /><testcase classname="test.test_qp_distributions" name="test_wigner_fock_state_zero" time="0.594" /><testcase classname="test.test_qp_distributions" name="test_husimi_fock_state_zero" time="0.273" /><testcase classname="test.test_qp_distributions" name="test_wigner_coherent_state_value" time="1.019" /><testcase classname="test.test_qp_distributions" name="test_husimi_coherent_state_value" time="0.207" /><testcase classname="test.test_visualization" name="test_plot_wigner" time="16.065" /><testcase classname="test.test_visualization" name="test_plot_husimi" time="8.886" /><testcase classname="test.test_visualization" name="test_plot_cf_wigner" time="21.028" /></testsuite></testsuites>